<?xml version="1.0" encoding="UTF-8"?>
<!-- Generated by org.testng.reporters.JUnitXMLReporter -->
<testsuite ignored="4" hostname="IN-7DS72J3" failures="0" tests="7" name="Surefire test" time="14.179" errors="0" timestamp="2024-10-12T12:23:28 IST">
  <testcase classname="tests.AuthTests" name="testCreateToken" time="2.784"/>
  <testcase classname="tests.BookingTests" name="testGetBookingIds" time="1.387"/>
  <testcase classname="tests.BookingTests" name="testCreateBooking" time="1.543"/>
  <testcase classname="tests.BookingTests" name="testGetBookingById" time="1.433"/>
  <testcase classname="tests.BookingTests" name="testUpdateBooking" time="2.854"/>
  <testcase classname="tests.BookingTests" name="testPartialUpdateBooking" time="1.402"/>
  <testcase classname="tests.BookingTests" name="testDeleteBooking" time="1.373"/>
  <testcase classname="base.BaseTest" name="@BeforeSuite setup" time="0.0">
    <ignored/>
  </testcase> <!-- @BeforeSuite setup -->
  <testcase classname="base.BaseTest" name="@BeforeSuite setup" time="0.0">
    <ignored/>
  </testcase> <!-- @BeforeSuite setup -->
  <testcase classname="base.BaseTest" name="@AfterSuite tearDown" time="0.0">
    <ignored/>
  </testcase> <!-- @AfterSuite tearDown -->
  <testcase classname="base.BaseTest" name="@AfterSuite tearDown" time="0.0">
    <ignored/>
  </testcase> <!-- @AfterSuite tearDown -->
</testsuite> <!-- Surefire test -->
