<?xml version="1.0" encoding="UTF-8"?>
<testng-results ignored="4" total="11" passed="7" failed="0" skipped="0">
  <reporter-output>
  </reporter-output>
  <suite started-at="2024-10-12T12:23:13 IST" name="Surefire suite" finished-at="2024-10-12T12:23:28 IST" duration-ms="14179">
    <groups>
    </groups>
    <test started-at="2024-10-12T12:23:13 IST" name="Surefire test" finished-at="2024-10-12T12:23:28 IST" duration-ms="14179">
      <class name="tests.AuthTests">
        <test-method signature="testCreateToken()[pri:0, instance:tests.AuthTests@78b1cc93]" started-at="2024-10-12T12:23:13 IST" name="testCreateToken" finished-at="2024-10-12T12:23:16 IST" duration-ms="2784" status="PASS">
          <reporter-output>
          </reporter-output>
        </test-method> <!-- testCreateToken -->
      </class> <!-- tests.AuthTests -->
      <class name="tests.BookingTests">
        <test-method is-config="true" signature="setUp()[pri:0, instance:tests.BookingTests@143640d5]" started-at="2024-10-12T12:23:16 IST" name="setUp" finished-at="2024-10-12T12:23:18 IST" duration-ms="1367" status="PASS">
          <reporter-output>
          </reporter-output>
        </test-method> <!-- setUp -->
        <test-method signature="testGetBookingIds()[pri:0, instance:tests.BookingTests@143640d5]" started-at="2024-10-12T12:23:18 IST" name="testGetBookingIds" finished-at="2024-10-12T12:23:19 IST" duration-ms="1387" status="PASS">
          <reporter-output>
          </reporter-output>
        </test-method> <!-- testGetBookingIds -->
        <test-method signature="testCreateBooking()[pri:1, instance:tests.BookingTests@143640d5]" started-at="2024-10-12T12:23:19 IST" name="testCreateBooking" finished-at="2024-10-12T12:23:21 IST" duration-ms="1543" status="PASS">
          <reporter-output>
          </reporter-output>
        </test-method> <!-- testCreateBooking -->
        <test-method signature="testGetBookingById()[pri:2, instance:tests.BookingTests@143640d5]" started-at="2024-10-12T12:23:21 IST" name="testGetBookingById" finished-at="2024-10-12T12:23:22 IST" depends-on-methods="tests.BookingTests.testCreateBooking" duration-ms="1433" status="PASS">
          <reporter-output>
          </reporter-output>
        </test-method> <!-- testGetBookingById -->
        <test-method signature="testUpdateBooking()[pri:3, instance:tests.BookingTests@143640d5]" started-at="2024-10-12T12:23:22 IST" name="testUpdateBooking" finished-at="2024-10-12T12:23:25 IST" depends-on-methods="tests.BookingTests.testCreateBooking" duration-ms="2854" status="PASS">
          <reporter-output>
          </reporter-output>
        </test-method> <!-- testUpdateBooking -->
        <test-method signature="testPartialUpdateBooking()[pri:4, instance:tests.BookingTests@143640d5]" started-at="2024-10-12T12:23:25 IST" name="testPartialUpdateBooking" finished-at="2024-10-12T12:23:26 IST" depends-on-methods="tests.BookingTests.testCreateBooking" duration-ms="1402" status="PASS">
          <reporter-output>
          </reporter-output>
        </test-method> <!-- testPartialUpdateBooking -->
        <test-method signature="testDeleteBooking()[pri:5, instance:tests.BookingTests@143640d5]" started-at="2024-10-12T12:23:26 IST" name="testDeleteBooking" finished-at="2024-10-12T12:23:28 IST" depends-on-methods="tests.BookingTests.testCreateBooking" duration-ms="1373" status="PASS">
          <reporter-output>
          </reporter-output>
        </test-method> <!-- testDeleteBooking -->
      </class> <!-- tests.BookingTests -->
      <class name="base.BaseTest">
        <test-method is-config="true" signature="setup()[pri:0, instance:base.BaseTest@5af97850]" started-at="2024-10-12T12:23:13 IST" name="setup" finished-at="2024-10-12T12:23:13 IST" duration-ms="551" status="PASS">
          <reporter-output>
          </reporter-output>
        </test-method> <!-- setup -->
        <test-method is-config="true" signature="tearDown()[pri:0, instance:base.BaseTest@5af97850]" started-at="2024-10-12T12:23:28 IST" name="tearDown" finished-at="2024-10-12T12:23:28 IST" duration-ms="268" status="PASS">
          <reporter-output>
          </reporter-output>
        </test-method> <!-- tearDown -->
      </class> <!-- base.BaseTest -->
    </test> <!-- Surefire test -->
  </suite> <!-- Surefire suite -->
</testng-results>
