<?xml version="1.0" encoding="UTF-8"?>
<testsuite xmlns:xsi="http://www.w3.org/2001/XMLSchema-instance" xsi:noNamespaceSchemaLocation="https://maven.apache.org/surefire/maven-surefire-plugin/xsd/surefire-test-report-3.0.xsd" version="3.0" name="TestSuite" time="15.348" tests="7" errors="0" skipped="0" failures="0">
  <properties>
[...]
</properties>
  <testcase name="testCreateToken" classname="tests.AuthTests" time="2.8">
    <system-out><![CDATA[Base URI: https://restful-booker.herokuapp.com
]]></system-out>
    <system-err><![CDATA[Oct 12, 2024 12:23:13 PM utils.AuthUtils createToken
INFO: Creating token for user: admin
Oct 12, 2024 12:23:16 PM utils.AuthUtils createToken
INFO: Token generated successfully
Oct 12, 2024 12:23:16 PM tests.AuthTests testCreateToken
INFO: Generated Token: c2be43290a29e5d
]]></system-err>
  </testcase>
  <testcase name="testGetBookingIds" classname="tests.BookingTests" time="1.434">
    <system-out><![CDATA[HTTP/1.1 200 OK
Server: Cowboy
Report-To: {"group":"heroku-nel","max_age":3600,"endpoints":[{"url":"https://nel.heroku.com/reports?ts=1728715999&sid=c46efe9b-d3d2-4a0c-8c76-bfafa16c5add&s=WdyENmamyCtc%2FJbhh7ZzgyHeFyIoqeAN1zT4ZWlNPJs%3D"}]}
Reporting-Endpoints: heroku-nel=https://nel.heroku.com/reports?ts=1728715999&sid=c46efe9b-d3d2-4a0c-8c76-bfafa16c5add&s=WdyENmamyCtc%2FJbhh7ZzgyHeFyIoqeAN1zT4ZWlNPJs%3D
Nel: {"report_to":"heroku-nel","max_age":3600,"success_fraction":0.005,"failure_fraction":0.05,"response_headers":["Via"]}
Connection: keep-alive
X-Powered-By: Express
Content-Type: application/json; charset=utf-8
Content-Length: 20385
Etag: W/"4fa1-sypSSALgEIjha/Xi6AaeDPcqXbQ"
Date: Sat, 12 Oct 2024 06:53:19 GMT
Via: 1.1 vegur

[
    {
        "bookingid": 267
    },
    {
        "bookingid": 918
    },
    {
        "bookingid": 211
    },
    {
        "bookingid": 1503
    },
    {
        "bookingid": 146
    },
    {
        "bookingid": 767
    },
    {
        "bookingid": 260
    },
    {
        "bookingid": 175
    },
    {
        "bookingid": 803
    },
    {
        "bookingid": 530
    },
    {
        "bookingid": 1172
    },
    {
        "bookingid": 1354
    },
    {
        "bookingid": 1536
    },
    {
        "bookingid": 443
    },
    {
        "bookingid": 1091
    },
    {
        "bookingid": 650
    },
    {
        "bookingid": 309
    },
    {
        "bookingid": 1290
    },
    {
        "bookingid": 539
    },
    {
        "bookingid": 220
    },
    {
        "bookingid": 89
    },
    {
        "bookingid": 1150
    },
    {
        "bookingid": 517
    },
    {
        "bookingid": 1136
    },
    {
        "bookingid": 799
    },
    {
        "bookingid": 900
    },
    {
        "bookingid": 16
    },
    {
        "bookingid": 122
    },
    {
        "bookingid": 776
    },
    {
        "bookingid": 1482
    },
    {
        "bookingid": 868
    },
    {
        "bookingid": 1170
    },
    {
        "bookingid": 472
    },
    {
        "bookingid": 701
    },
    {
        "bookingid": 1297
    },
    {
        "bookingid": 1617
    },
    {
        "bookingid": 718
    },
    {
        "bookingid": 1166
    },
    {
        "bookingid": 444
    },
    {
        "bookingid": 786
    },
    {
        "bookingid": 144
    },
    {
        "bookingid": 804
    },
    {
        "bookingid": 1188
    },
    {
        "bookingid": 386
    },
    {
        "bookingid": 1085
    },
    {
        "bookingid": 73
    },
    {
        "bookingid": 321
    },
    {
        "bookingid": 318
    },
    {
        "bookingid": 746
    },
    {
        "bookingid": 1471
    },
    {
        "bookingid": 32
    },
    {
        "bookingid": 228
    },
    {
        "bookingid": 118
    },
    {
        "bookingid": 1149
    },
    {
        "bookingid": 959
    },
    {
        "bookingid": 410
    },
    {
        "bookingid": 1594
    },
    {
        "bookingid": 439
    },
    {
        "bookingid": 598
    },
    {
        "bookingid": 365
    },
    {
        "bookingid": 1053
    },
    {
        "bookingid": 1249
    },
    {
        "bookingid": 168
    },
    {
        "bookingid": 748
    },
    {
        "bookingid": 532
    },
    {
        "bookingid": 610
    },
    {
        "bookingid": 643
    },
    {
        "bookingid": 1358
    },
    {
        "bookingid": 422
    },
    {
        "bookingid": 1018
    },
    {
        "bookingid": 1006
    },
    {
        "bookingid": 545
    },
    {
        "bookingid": 456
    },
    {
        "bookingid": 1613
    },
    {
        "bookingid": 1574
    },
    {
        "bookingid": 665
    },
    {
        "bookingid": 418
    },
    {
        "bookingid": 1599
    },
    {
        "bookingid": 249
    },
    {
        "bookingid": 182
    },
    {
        "bookingid": 805
    },
    {
        "bookingid": 1054
    },
    {
        "bookingid": 370
    },
    {
        "bookingid": 602
    },
    {
        "bookingid": 1386
    },
    {
        "bookingid": 548
    },
    {
        "bookingid": 1095
    },
    {
        "bookingid": 1476
    },
    {
        "bookingid": 263
    },
    {
        "bookingid": 963
    },
    {
        "bookingid": 266
    },
    {
        "bookingid": 1499
    },
    {
        "bookingid": 194
    },
    {
        "bookingid": 1258
    },
    {
        "bookingid": 1527
    },
    {
        "bookingid": 910
    },
    {
        "bookingid": 853
    },
    {
        "bookingid": 84
    },
    {
        "bookingid": 305
    },
    {
        "bookingid": 886
    },
    {
        "bookingid": 936
    },
    {
        "bookingid": 915
    },
    {
        "bookingid": 1610
    },
    {
        "bookingid": 1408
    },
    {
        "bookingid": 984
    },
    {
        "bookingid": 887
    },
    {
        "bookingid": 1275
    },
    {
        "bookingid": 1176
    },
    {
        "bookingid": 765
    },
    {
        "bookingid": 452
    },
    {
        "bookingid": 696
    },
    {
        "bookingid": 374
    },
    {
        "bookingid": 101
    },
    {
        "bookingid": 626
    },
    {
        "bookingid": 969
    },
    {
        "bookingid": 1193
    },
    {
        "bookingid": 1490
    },
    {
        "bookingid": 429
    },
    {
        "bookingid": 938
    },
    {
        "bookingid": 361
    },
    {
        "bookingid": 747
    },
    {
        "bookingid": 875
    },
    {
        "bookingid": 1399
    },
    {
        "bookingid": 1414
    },
    {
        "bookingid": 133
    },
    {
        "bookingid": 201
    },
    {
        "bookingid": 1186
    },
    {
        "bookingid": 1124
    },
    {
        "bookingid": 137
    },
    {
        "bookingid": 859
    },
    {
        "bookingid": 1259
    },
    {
        "bookingid": 1028
    },
    {
        "bookingid": 1110
    },
    {
        "bookingid": 65
    },
    {
        "bookingid": 379
    },
    {
        "bookingid": 576
    },
    {
        "bookingid": 729
    },
    {
        "bookingid": 497
    },
    {
        "bookingid": 505
    },
    {
        "bookingid": 332
    },
    {
        "bookingid": 376
    },
    {
        "bookingid": 1434
    },
    {
        "bookingid": 1430
    },
    {
        "bookingid": 537
    },
    {
        "bookingid": 519
    },
    {
        "bookingid": 739
    },
    {
        "bookingid": 838
    },
    {
        "bookingid": 928
    },
    {
        "bookingid": 412
    },
    {
        "bookingid": 19
    },
    {
        "bookingid": 1046
    },
    {
        "bookingid": 1406
    },
    {
        "bookingid": 898
    },
    {
        "bookingid": 334
    },
    {
        "bookingid": 183
    },
    {
        "bookingid": 1250
    },
    {
        "bookingid": 1070
    },
    {
        "bookingid": 1505
    },
    {
        "bookingid": 896
    },
    {
        "bookingid": 852
    },
    {
        "bookingid": 881
    },
    {
        "bookingid": 1392
    },
    {
        "bookingid": 633
    },
    {
        "bookingid": 885
    },
    {
        "bookingid": 947
    },
    {
        "bookingid": 161
    },
    {
        "bookingid": 1203
    },
    {
        "bookingid": 1486
    },
    {
        "bookingid": 328
    },
    {
        "bookingid": 91
    },
    {
        "bookingid": 1184
    },
    {
        "bookingid": 169
    },
    {
        "bookingid": 1073
    },
    {
        "bookingid": 10
    },
    {
        "bookingid": 914
    },
    {
        "bookingid": 1011
    },
    {
        "bookingid": 1145
    },
    {
        "bookingid": 1497
    },
    {
        "bookingid": 17
    },
    {
        "bookingid": 1207
    },
    {
        "bookingid": 578
    },
    {
        "bookingid": 1522
    },
    {
        "bookingid": 943
    },
    {
        "bookingid": 1064
    },
    {
        "bookingid": 1466
    },
    {
        "bookingid": 198
    },
    {
        "bookingid": 1269
    },
    {
        "bookingid": 1314
    },
    {
        "bookingid": 460
    },
    {
        "bookingid": 1573
    },
    {
        "bookingid": 581
    },
    {
        "bookingid": 1144
    },
    {
        "bookingid": 234
    },
    {
        "bookingid": 817
    },
    {
        "bookingid": 72
    },
    {
        "bookingid": 930
    },
    {
        "bookingid": 527
    },
    {
        "bookingid": 824
    },
    {
        "bookingid": 719
    },
    {
        "bookingid": 1266
    },
    {
        "bookingid": 1254
    },
    {
        "bookingid": 335
    },
    {
        "bookingid": 871
    },
    {
        "bookingid": 1005
    },
    {
        "bookingid": 1237
    },
    {
        "bookingid": 807
    },
    {
        "bookingid": 1543
    },
    {
        "bookingid": 968
    },
    {
        "bookingid": 467
    },
    {
        "bookingid": 919
    },
    {
        "bookingid": 615
    },
    {
        "bookingid": 499
    },
    {
        "bookingid": 303
    },
    {
        "bookingid": 1189
    },
    {
        "bookingid": 140
    },
    {
        "bookingid": 1517
    },
    {
        "bookingid": 1535
    },
    {
        "bookingid": 389
    },
    {
        "bookingid": 749
    },
    {
        "bookingid": 781
    },
    {
        "bookingid": 283
    },
    {
        "bookingid": 1134
    },
    {
        "bookingid": 599
    },
    {
        "bookingid": 191
    },
    {
        "bookingid": 388
    },
    {
        "bookingid": 555
    },
    {
        "bookingid": 1034
    },
    {
        "bookingid": 421
    },
    {
        "bookingid": 1458
    },
    {
        "bookingid": 1350
    },
    {
        "bookingid": 1374
    },
    {
        "bookingid": 826
    },
    {
        "bookingid": 1456
    },
    {
        "bookingid": 693
    },
    {
        "bookingid": 593
    },
    {
        "bookingid": 7
    },
    {
        "bookingid": 105
    },
    {
        "bookingid": 1291
    },
    {
        "bookingid": 912
    },
    {
        "bookingid": 655
    },
    {
        "bookingid": 1326
    },
    {
        "bookingid": 1200
    },
    {
        "bookingid": 345
    },
    {
        "bookingid": 785
    },
    {
        "bookingid": 724
    },
    {
        "bookingid": 11
    },
    {
        "bookingid": 35
    },
    {
        "bookingid": 989
    },
    {
        "bookingid": 400
    },
    {
        "bookingid": 766
    },
    {
        "bookingid": 1213
    },
    {
        "bookingid": 185
    },
    {
        "bookingid": 567
    },
    {
        "bookingid": 1548
    },
    {
        "bookingid": 399
    },
    {
        "bookingid": 50
    },
    {
        "bookingid": 1519
    },
    {
        "bookingid": 888
    },
    {
        "bookingid": 1506
    },
    {
        "bookingid": 711
    },
    {
        "bookingid": 1616
    },
    {
        "bookingid": 1098
    },
    {
        "bookingid": 929
    },
    {
        "bookingid": 873
    },
    {
        "bookingid": 511
    },
    {
        "bookingid": 1302
    },
    {
        "bookingid": 294
    },
    {
        "bookingid": 1465
    },
    {
        "bookingid": 1534
    },
    {
        "bookingid": 1364
    },
    {
        "bookingid": 1214
    },
    {
        "bookingid": 525
    },
    {
        "bookingid": 1232
    },
    {
        "bookingid": 851
    },
    {
        "bookingid": 697
    },
    {
        "bookingid": 95
    },
    {
        "bookingid": 1104
    },
    {
        "bookingid": 1412
    },
    {
        "bookingid": 31
    },
    {
        "bookingid": 1231
    },
    {
        "bookingid": 29
    },
    {
        "bookingid": 166
    },
    {
        "bookingid": 1319
    },
    {
        "bookingid": 172
    },
    {
        "bookingid": 1332
    },
    {
        "bookingid": 557
    },
    {
        "bookingid": 1528
    },
    {
        "bookingid": 34
    },
    {
        "bookingid": 1041
    },
    {
        "bookingid": 154
    },
    {
        "bookingid": 1398
    },
    {
        "bookingid": 1582
    },
    {
        "bookingid": 674
    },
    {
        "bookingid": 286
    },
    {
        "bookingid": 454
    },
    {
        "bookingid": 531
    },
    {
        "bookingid": 738
    },
    {
        "bookingid": 927
    },
    {
        "bookingid": 1243
    },
    {
        "bookingid": 426
    },
    {
        "bookingid": 12
    },
    {
        "bookingid": 68
    },
    {
        "bookingid": 299
    },
    {
        "bookingid": 124
    },
    {
        "bookingid": 879
    },
    {
        "bookingid": 661
    },
    {
        "bookingid": 250
    },
    {
        "bookingid": 1472
    },
    {
        "bookingid": 1359
    },
    {
        "bookingid": 180
    },
    {
        "bookingid": 1248
    },
    {
        "bookingid": 939
    },
    {
        "bookingid": 1105
    },
    {
        "bookingid": 1615
    },
    {
        "bookingid": 291
    },
    {
        "bookingid": 1448
    },
    {
        "bookingid": 1384
    },
    {
        "bookingid": 1388
    },
    {
        "bookingid": 442
    },
    {
        "bookingid": 934
    },
    {
        "bookingid": 1411
    },
    {
        "bookingid": 419
    },
    {
        "bookingid": 1038
    },
    {
        "bookingid": 1210
    },
    {
        "bookingid": 1560
    },
    {
        "bookingid": 473
    },
    {
        "bookingid": 619
    },
    {
        "bookingid": 562
    },
    {
        "bookingid": 479
    },
    {
        "bookingid": 74
    },
    {
        "bookingid": 207
    },
    {
        "bookingid": 5
    },
    {
        "bookingid": 1580
    },
    {
        "bookingid": 392
    },
    {
        "bookingid": 407
    },
    {
        "bookingid": 408
    },
    {
        "bookingid": 656
    },
    {
        "bookingid": 1076
    },
    {
        "bookingid": 849
    },
    {
        "bookingid": 15
    },
    {
        "bookingid": 1453
    },
    {
        "bookingid": 425
    },
    {
        "bookingid": 1107
    },
    {
        "bookingid": 587
    },
    {
        "bookingid": 233
    },
    {
        "bookingid": 1588
    },
    {
        "bookingid": 1102
    },
    {
        "bookingid": 563
    },
    {
        "bookingid": 138
    },
    {
        "bookingid": 1423
    },
    {
        "bookingid": 45
    },
    {
        "bookingid": 1579
    },
    {
        "bookingid": 506
    },
    {
        "bookingid": 644
    },
    {
        "bookingid": 79
    },
    {
        "bookingid": 677
    },
    {
        "bookingid": 1312
    },
    {
        "bookingid": 96
    },
    {
        "bookingid": 451
    },
    {
        "bookingid": 436
    },
    {
        "bookingid": 1551
    },
    {
        "bookingid": 1592
    },
    {
        "bookingid": 1256
    },
    {
        "bookingid": 549
    },
    {
        "bookingid": 621
    },
    {
        "bookingid": 1461
    },
    {
        "bookingid": 906
    },
    {
        "bookingid": 1044
    },
    {
        "bookingid": 1247
    },
    {
        "bookingid": 726
    },
    {
        "bookingid": 58
    },
    {
        "bookingid": 346
    },
    {
        "bookingid": 13
    },
    {
        "bookingid": 284
    },
    {
        "bookingid": 398
    },
    {
        "bookingid": 1156
    },
    {
        "bookingid": 833
    },
    {
        "bookingid": 317
    },
    {
        "bookingid": 64
    },
    {
        "bookingid": 1428
    },
    {
        "bookingid": 1481
    },
    {
        "bookingid": 1439
    },
    {
        "bookingid": 1052
    },
    {
        "bookingid": 1405
    },
    {
        "bookingid": 1016
    },
    {
        "bookingid": 641
    },
    {
        "bookingid": 1032
    },
    {
        "bookingid": 1480
    },
    {
        "bookingid": 901
    },
    {
        "bookingid": 110
    },
    {
        "bookingid": 583
    },
    {
        "bookingid": 416
    },
    {
        "bookingid": 41
    },
    {
        "bookingid": 1013
    },
    {
        "bookingid": 810
    },
    {
        "bookingid": 865
    },
    {
        "bookingid": 14
    },
    {
        "bookingid": 150
    },
    {
        "bookingid": 1198
    },
    {
        "bookingid": 1331
    },
    {
        "bookingid": 612
    },
    {
        "bookingid": 1362
    },
    {
        "bookingid": 1167
    },
    {
        "bookingid": 179
    },
    {
        "bookingid": 1222
    },
    {
        "bookingid": 1325
    },
    {
        "bookingid": 1099
    },
    {
        "bookingid": 171
    },
    {
        "bookingid": 1096
    },
    {
        "bookingid": 251
    },
    {
        "bookingid": 768
    },
    {
        "bookingid": 831
    },
    {
        "bookingid": 1558
    },
    {
        "bookingid": 98
    },
    {
        "bookingid": 1524
    },
    {
        "bookingid": 1307
    },
    {
        "bookingid": 288
    },
    {
        "bookingid": 690
    },
    {
        "bookingid": 119
    },
    {
        "bookingid": 566
    },
    {
        "bookingid": 116
    },
    {
        "bookingid": 77
    },
    {
        "bookingid": 1316
    },
    {
        "bookingid": 1485
    },
    {
        "bookingid": 1133
    },
    {
        "bookingid": 634
    },
    {
        "bookingid": 55
    },
    {
        "bookingid": 1101
    },
    {
        "bookingid": 1504
    },
    {
        "bookingid": 1111
    },
    {
        "bookingid": 1557
    },
    {
        "bookingid": 1565
    },
    {
        "bookingid": 991
    },
    {
        "bookingid": 1492
    },
    {
        "bookingid": 1385
    },
    {
        "bookingid": 1564
    },
    {
        "bookingid": 355
    },
    {
        "bookingid": 1152
    },
    {
        "bookingid": 1177
    },
    {
        "bookingid": 274
    },
    {
        "bookingid": 206
    },
    {
        "bookingid": 666
    },
    {
        "bookingid": 1185
    },
    {
        "bookingid": 259
    },
    {
        "bookingid": 237
    },
    {
        "bookingid": 92
    },
    {
        "bookingid": 1289
    },
    {
        "bookingid": 1181
    },
    {
        "bookingid": 976
    },
    {
        "bookingid": 958
    },
    {
        "bookingid": 491
    },
    {
        "bookingid": 1042
    },
    {
        "bookingid": 1242
    },
    {
        "bookingid": 791
    },
    {
        "bookingid": 373
    },
    {
        "bookingid": 494
    },
    {
        "bookingid": 1407
    },
    {
        "bookingid": 907
    },
    {
        "bookingid": 447
    },
    {
        "bookingid": 1306
    },
    {
        "bookingid": 243
    },
    {
        "bookingid": 1113
    },
    {
        "bookingid": 20
    },
    {
        "bookingid": 90
    },
    {
        "bookingid": 982
    },
    {
        "bookingid": 542
    },
    {
        "bookingid": 759
    },
    {
        "bookingid": 51
    },
    {
        "bookingid": 727
    },
    {
        "bookingid": 448
    },
    {
        "bookingid": 1467
    },
    {
        "bookingid": 1321
    },
    {
        "bookingid": 1026
    },
    {
        "bookingid": 636
    },
    {
        "bookingid": 978
    },
    {
        "bookingid": 975
    },
    {
        "bookingid": 1080
    },
    {
        "bookingid": 403
    },
    {
        "bookingid": 856
    },
    {
        "bookingid": 476
    },
    {
        "bookingid": 510
    },
    {
        "bookingid": 1295
    },
    {
        "bookingid": 702
    },
    {
        "bookingid": 340
    },
    {
        "bookingid": 4
    },
    {
        "bookingid": 71
    },
    {
        "bookingid": 1348
    },
    {
        "bookingid": 1058
    },
    {
        "bookingid": 923
    },
    {
        "bookingid": 611
    },
    {
        "bookingid": 1356
    },
    {
        "bookingid": 99
    },
    {
        "bookingid": 594
    },
    {
        "bookingid": 590
    },
    {
        "bookingid": 1160
    },
    {
        "bookingid": 300
    },
    {
        "bookingid": 1088
    },
    {
        "bookingid": 1608
    },
    {
        "bookingid": 1606
    },
    {
        "bookingid": 153
    },
    {
        "bookingid": 1081
    },
    {
        "bookingid": 1049
    },
    {
        "bookingid": 556
    },
    {
        "bookingid": 1115
    },
    {
        "bookingid": 30
    },
    {
        "bookingid": 323
    },
    {
        "bookingid": 1435
    },
    {
        "bookingid": 1418
    },
    {
        "bookingid": 1191
    },
    {
        "bookingid": 1324
    },
    {
        "bookingid": 1438
    },
    {
        "bookingid": 382
    },
    {
        "bookingid": 488
    },
    {
        "bookingid": 378
    },
    {
        "bookingid": 1373
    },
    {
        "bookingid": 793
    },
    {
        "bookingid": 1022
    },
    {
        "bookingid": 248
    },
    {
        "bookingid": 957
    },
    {
        "bookingid": 904
    },
    {
        "bookingid": 773
    },
    {
        "bookingid": 469
    },
    {
        "bookingid": 714
    },
    {
        "bookingid": 977
    },
    {
        "bookingid": 521
    },
    {
        "bookingid": 1129
    },
    {
        "bookingid": 753
    },
    {
        "bookingid": 850
    },
    {
        "bookingid": 1284
    },
    {
        "bookingid": 402
    },
    {
        "bookingid": 1004
    },
    {
        "bookingid": 1140
    },
    {
        "bookingid": 459
    },
    {
        "bookingid": 995
    },
    {
        "bookingid": 350
    },
    {
        "bookingid": 257
    },
    {
        "bookingid": 424
    },
    {
        "bookingid": 159
    },
    {
        "bookingid": 880
    },
    {
        "bookingid": 998
    },
    {
        "bookingid": 143
    },
    {
        "bookingid": 777
    },
    {
        "bookingid": 642
    },
    {
        "bookingid": 535
    },
    {
        "bookingid": 877
    },
    {
        "bookingid": 366
    },
    {
        "bookingid": 80
    },
    {
        "bookingid": 1397
    },
    {
        "bookingid": 353
    },
    {
        "bookingid": 1001
    },
    {
        "bookingid": 1563
    },
    {
        "bookingid": 131
    },
    {
        "bookingid": 764
    },
    {
        "bookingid": 342
    },
    {
        "bookingid": 1318
    },
    {
        "bookingid": 1048
    },
    {
        "bookingid": 117
    },
    {
        "bookingid": 1539
    },
    {
        "bookingid": 844
    },
    {
        "bookingid": 432
    },
    {
        "bookingid": 3
    },
    {
        "bookingid": 554
    },
    {
        "bookingid": 516
    },
    {
        "bookingid": 547
    },
    {
        "bookingid": 26
    },
    {
        "bookingid": 720
    },
    {
        "bookingid": 802
    },
    {
        "bookingid": 254
    },
    {
        "bookingid": 1089
    },
    {
        "bookingid": 662
    },
    {
        "bookingid": 604
    },
    {
        "bookingid": 974
    },
    {
        "bookingid": 1082
    },
    {
        "bookingid": 695
    },
    {
        "bookingid": 1413
    },
    {
        "bookingid": 1253
    },
    {
        "bookingid": 595
    },
    {
        "bookingid": 244
    },
    {
        "bookingid": 1447
    },
    {
        "bookingid": 108
    },
    {
        "bookingid": 756
    },
    {
        "bookingid": 1206
    },
    {
        "bookingid": 1116
    },
    {
        "bookingid": 1282
    },
    {
        "bookingid": 629
    },
    {
        "bookingid": 123
    },
    {
        "bookingid": 733
    },
    {
        "bookingid": 453
    },
    {
        "bookingid": 149
    },
    {
        "bookingid": 1310
    },
    {
        "bookingid": 395
    },
    {
        "bookingid": 44
    },
    {
        "bookingid": 258
    },
    {
        "bookingid": 222
    },
    {
        "bookingid": 81
    },
    {
        "bookingid": 409
    },
    {
        "bookingid": 85
    },
    {
        "bookingid": 704
    },
    {
        "bookingid": 1344
    },
    {
        "bookingid": 1094
    },
    {
        "bookingid": 1532
    },
    {
        "bookingid": 1219
    },
    {
        "bookingid": 348
    },
    {
        "bookingid": 1202
    },
    {
        "bookingid": 649
    },
    {
        "bookingid": 894
    },
    {
        "bookingid": 264
    },
    {
        "bookingid": 1349
    },
    {
        "bookingid": 202
    },
    {
        "bookingid": 1317
    },
    {
        "bookingid": 1187
    },
    {
        "bookingid": 1148
    },
    {
        "bookingid": 892
    },
    {
        "bookingid": 1067
    },
    {
        "bookingid": 279
    },
    {
        "bookingid": 57
    },
    {
        "bookingid": 828
    },
    {
        "bookingid": 1603
    },
    {
        "bookingid": 1139
    },
    {
        "bookingid": 320
    },
    {
        "bookingid": 820
    },
    {
        "bookingid": 845
    },
    {
        "bookingid": 109
    },
    {
        "bookingid": 1442
    },
    {
        "bookingid": 482
    },
    {
        "bookingid": 716
    },
    {
        "bookingid": 635
    },
    {
        "bookingid": 952
    },
    {
        "bookingid": 381
    },
    {
        "bookingid": 846
    },
    {
        "bookingid": 1244
    },
    {
        "bookingid": 1597
    },
    {
        "bookingid": 48
    },
    {
        "bookingid": 1162
    },
    {
        "bookingid": 27
    },
    {
        "bookingid": 1483
    },
    {
        "bookingid": 1502
    },
    {
        "bookingid": 367
    },
    {
        "bookingid": 950
    },
    {
        "bookingid": 953
    },
    {
        "bookingid": 393
    },
    {
        "bookingid": 1542
    },
    {
        "bookingid": 1072
    },
    {
        "bookingid": 333
    },
    {
        "bookingid": 326
    },
    {
        "bookingid": 1277
    },
    {
        "bookingid": 648
    },
    {
        "bookingid": 774
    },
    {
        "bookingid": 659
    },
    {
        "bookingid": 632
    },
    {
        "bookingid": 1303
    },
    {
        "bookingid": 668
    },
    {
        "bookingid": 322
    },
    {
        "bookingid": 1512
    },
    {
        "bookingid": 125
    },
    {
        "bookingid": 688
    },
    {
        "bookingid": 1427
    },
    {
        "bookingid": 1525
    },
    {
        "bookingid": 204
    },
    {
        "bookingid": 1239
    },
    {
        "bookingid": 949
    },
    {
        "bookingid": 741
    },
    {
        "bookingid": 1554
    },
    {
        "bookingid": 973
    },
    {
        "bookingid": 394
    },
    {
        "bookingid": 67
    },
    {
        "bookingid": 275
    },
    {
        "bookingid": 1425
    },
    {
        "bookingid": 1023
    },
    {
        "bookingid": 1086
    },
    {
        "bookingid": 569
    },
    {
        "bookingid": 925
    },
    {
        "bookingid": 1343
    },
    {
        "bookingid": 139
    },
    {
        "bookingid": 1443
    },
    {
        "bookingid": 411
    },
    {
        "bookingid": 450
    },
    {
        "bookingid": 1074
    },
    {
        "bookingid": 1546
    },
    {
        "bookingid": 100
    },
    {
        "bookingid": 329
    },
    {
        "bookingid": 752
    },
    {
        "bookingid": 6
    },
    {
        "bookingid": 1119
    },
    {
        "bookingid": 298
    },
    {
        "bookingid": 1441
    },
    {
        "bookingid": 675
    },
    {
        "bookingid": 1128
    },
    {
        "bookingid": 1174
    },
    {
        "bookingid": 1533
    },
    {
        "bookingid": 216
    },
    {
        "bookingid": 608
    },
    {
        "bookingid": 1469
    },
    {
        "bookingid": 705
    },
    {
        "bookingid": 913
    },
    {
        "bookingid": 503
    },
    {
        "bookingid": 306
    },
    {
        "bookingid": 617
    },
    {
        "bookingid": 127
    },
    {
        "bookingid": 52
    },
    {
        "bookingid": 1228
    },
    {
        "bookingid": 671
    },
    {
        "bookingid": 1197
    },
    {
        "bookingid": 637
    },
    {
        "bookingid": 174
    },
    {
        "bookingid": 1566
    },
    {
        "bookingid": 1127
    },
    {
        "bookingid": 474
    },
    {
        "bookingid": 1339
    },
    {
        "bookingid": 654
    },
    {
        "bookingid": 1370
    },
    {
        "bookingid": 996
    },
    {
        "bookingid": 620
    },
    {
        "bookingid": 1194
    },
    {
        "bookingid": 428
    },
    {
        "bookingid": 902
    },
    {
        "bookingid": 1205
    },
    {
        "bookingid": 606
    },
    {
        "bookingid": 1569
    },
    {
        "bookingid": 990
    },
    {
        "bookingid": 307
    },
    {
        "bookingid": 771
    },
    {
        "bookingid": 795
    },
    {
        "bookingid": 240
    },
    {
        "bookingid": 1612
    },
    {
        "bookingid": 312
    },
    {
        "bookingid": 707
    },
    {
        "bookingid": 128
    },
    {
        "bookingid": 607
    },
    {
        "bookingid": 1351
    },
    {
        "bookingid": 614
    },
    {
        "bookingid": 1279
    },
    {
        "bookingid": 796
    },
    {
        "bookingid": 839
    },
    {
        "bookingid": 983
    },
    {
        "bookingid": 712
    },
    {
        "bookingid": 864
    },
    {
        "bookingid": 647
    },
    {
        "bookingid": 840
    },
    {
        "bookingid": 787
    },
    {
        "bookingid": 281
    },
    {
        "bookingid": 1328
    },
    {
        "bookingid": 1395
    },
    {
        "bookingid": 1037
    },
    {
        "bookingid": 1224
    },
    {
        "bookingid": 755
    },
    {
        "bookingid": 344
    },
    {
        "bookingid": 788
    },
    {
        "bookingid": 1285
    },
    {
        "bookingid": 744
    },
    {
        "bookingid": 836
    },
    {
        "bookingid": 866
    },
    {
        "bookingid": 814
    },
    {
        "bookingid": 588
    },
    {
        "bookingid": 951
    },
    {
        "bookingid": 1394
    },
    {
        "bookingid": 1154
    },
    {
        "bookingid": 1538
    },
    {
        "bookingid": 736
    },
    {
        "bookingid": 1300
    },
    {
        "bookingid": 1060
    },
    {
        "bookingid": 1372
    },
    {
        "bookingid": 176
    },
    {
        "bookingid": 1379
    },
    {
        "bookingid": 24
    },
    {
        "bookingid": 242
    },
    {
        "bookingid": 1236
    },
    {
        "bookingid": 226
    },
    {
        "bookingid": 628
    },
    {
        "bookingid": 63
    },
    {
        "bookingid": 504
    },
    {
        "bookingid": 1440
    },
    {
        "bookingid": 1211
    },
    {
        "bookingid": 1444
    },
    {
        "bookingid": 832
    },
    {
        "bookingid": 843
    },
    {
        "bookingid": 1135
    },
    {
        "bookingid": 869
    },
    {
        "bookingid": 670
    },
    {
        "bookingid": 1572
    },
    {
        "bookingid": 362
    },
    {
        "bookingid": 231
    },
    {
        "bookingid": 1263
    },
    {
        "bookingid": 1283
    },
    {
        "bookingid": 699
    },
    {
        "bookingid": 273
    },
    {
        "bookingid": 1180
    },
    {
        "bookingid": 1568
    },
    {
        "bookingid": 1355
    },
    {
        "bookingid": 1365
    },
    {
        "bookingid": 1241
    },
    {
        "bookingid": 1309
    },
    {
        "bookingid": 1475
    },
    {
        "bookingid": 582
    },
    {
        "bookingid": 1024
    },
    {
        "bookingid": 561
    },
    {
        "bookingid": 441
    },
    {
        "bookingid": 134
    },
    {
        "bookingid": 921
    },
    {
        "bookingid": 683
    },
    {
        "bookingid": 522
    },
    {
        "bookingid": 434
    },
    {
        "bookingid": 526
    },
    {
        "bookingid": 1002
    },
    {
        "bookingid": 1511
    },
    {
        "bookingid": 200
    },
    {
        "bookingid": 18
    },
    {
        "bookingid": 1402
    },
    {
        "bookingid": 132
    },
    {
        "bookingid": 792
    },
    {
        "bookingid": 1450
    },
    {
        "bookingid": 192
    },
    {
        "bookingid": 883
    },
    {
        "bookingid": 1055
    },
    {
        "bookingid": 1420
    },
    {
        "bookingid": 1459
    },
    {
        "bookingid": 1400
    },
    {
        "bookingid": 1545
    },
    {
        "bookingid": 687
    },
    {
        "bookingid": 985
    },
    {
        "bookingid": 463
    },
    {
        "bookingid": 1602
    },
    {
        "bookingid": 314
    },
    {
        "bookingid": 1549
    },
    {
        "bookingid": 238
    },
    {
        "bookingid": 1235
    },
    {
        "bookingid": 1274
    },
    {
        "bookingid": 1578
    },
    {
        "bookingid": 1520
    },
    {
        "bookingid": 466
    },
    {
        "bookingid": 1141
    },
    {
        "bookingid": 1367
    },
    {
        "bookingid": 431
    },
    {
        "bookingid": 1378
    },
    {
        "bookingid": 541
    },
    {
        "bookingid": 336
    },
    {
        "bookingid": 1293
    },
    {
        "bookingid": 219
    },
    {
        "bookingid": 1446
    },
    {
        "bookingid": 1108
    },
    {
        "bookingid": 858
    },
    {
        "bookingid": 49
    },
    {
        "bookingid": 686
    },
    {
        "bookingid": 624
    },
    {
        "bookingid": 1336
    },
    {
        "bookingid": 1604
    },
    {
        "bookingid": 70
    },
    {
        "bookingid": 1276
    },
    {
        "bookingid": 107
    },
    {
        "bookingid": 461
    },
    {
        "bookingid": 1363
    },
    {
        "bookingid": 735
    },
    {
        "bookingid": 1017
    },
    {
        "bookingid": 164
    },
    {
        "bookingid": 1509
    },
    {
        "bookingid": 205
    },
    {
        "bookingid": 292
    },
    {
        "bookingid": 86
    },
    {
        "bookingid": 514
    },
    {
        "bookingid": 972
    },
    {
        "bookingid": 214
    },
    {
        "bookingid": 1591
    },
    {
        "bookingid": 23
    },
    {
        "bookingid": 1474
    },
    {
        "bookingid": 278
    },
    {
        "bookingid": 922
    },
    {
        "bookingid": 165
    },
    {
        "bookingid": 1387
    },
    {
        "bookingid": 1369
    },
    {
        "bookingid": 1381
    },
    {
        "bookingid": 1270
    },
    {
        "bookingid": 1061
    },
    {
        "bookingid": 730
    },
    {
        "bookingid": 1433
    },
    {
        "bookingid": 1382
    },
    {
        "bookingid": 937
    },
    {
        "bookingid": 225
    },
    {
        "bookingid": 197
    },
    {
        "bookingid": 60
    },
    {
        "bookingid": 908
    },
    {
        "bookingid": 811
    },
    {
        "bookingid": 36
    },
    {
        "bookingid": 229
    },
    {
        "bookingid": 1271
    },
    {
        "bookingid": 1090
    },
    {
        "bookingid": 1299
    },
    {
        "bookingid": 1576
    },
    {
        "bookingid": 188
    },
    {
        "bookingid": 481
    },
    {
        "bookingid": 723
    },
    {
        "bookingid": 732
    },
    {
        "bookingid": 54
    },
    {
        "bookingid": 1583
    },
    {
        "bookingid": 104
    },
    {
        "bookingid": 823
    },
    {
        "bookingid": 1221
    },
    {
        "bookingid": 1419
    },
    {
        "bookingid": 967
    },
    {
        "bookingid": 816
    },
    {
        "bookingid": 1294
    },
    {
        "bookingid": 1047
    },
    {
        "bookingid": 584
    },
    {
        "bookingid": 1071
    },
    {
        "bookingid": 782
    },
    {
        "bookingid": 1142
    },
    {
        "bookingid": 76
    },
    {
        "bookingid": 256
    },
    {
        "bookingid": 1585
    },
    {
        "bookingid": 669
    },
    {
        "bookingid": 966
    },
    {
        "bookingid": 551
    },
    {
        "bookingid": 152
    },
    {
        "bookingid": 492
    },
    {
        "bookingid": 1598
    },
    {
        "bookingid": 1489
    },
    {
        "bookingid": 371
    },
    {
        "bookingid": 47
    },
    {
        "bookingid": 189
    },
    {
        "bookingid": 59
    },
    {
        "bookingid": 653
    },
    {
        "bookingid": 1432
    },
    {
        "bookingid": 66
    },
    {
        "bookingid": 743
    },
    {
        "bookingid": 1123
    },
    {
        "bookingid": 1586
    },
    {
        "bookingid": 114
    },
    {
        "bookingid": 1301
    },
    {
        "bookingid": 475
    },
    {
        "bookingid": 223
    },
    {
        "bookingid": 158
    },
    {
        "bookingid": 296
    },
    {
        "bookingid": 597
    },
    {
        "bookingid": 1121
    },
    {
        "bookingid": 625
    },
    {
        "bookingid": 513
    },
    {
        "bookingid": 623
    },
    {
        "bookingid": 8
    },
    {
        "bookingid": 269
    },
    {
        "bookingid": 1030
    },
    {
        "bookingid": 874
    },
    {
        "bookingid": 1477
    },
    {
        "bookingid": 691
    },
    {
        "bookingid": 173
    },
    {
        "bookingid": 1122
    },
    {
        "bookingid": 25
    },
    {
        "bookingid": 417
    },
    {
        "bookingid": 1158
    },
    {
        "bookingid": 1375
    },
    {
        "bookingid": 780
    },
    {
        "bookingid": 946
    },
    {
        "bookingid": 1118
    },
    {
        "bookingid": 487
    },
    {
        "bookingid": 1424
    },
    {
        "bookingid": 1109
    },
    {
        "bookingid": 245
    },
    {
        "bookingid": 1164
    },
    {
        "bookingid": 524
    },
    {
        "bookingid": 1596
    },
    {
        "bookingid": 895
    },
    {
        "bookingid": 500
    },
    {
        "bookingid": 1227
    },
    {
        "bookingid": 486
    },
    {
        "bookingid": 193
    },
    {
        "bookingid": 935
    },
    {
        "bookingid": 217
    },
    {
        "bookingid": 43
    },
    {
        "bookingid": 351
    },
    {
        "bookingid": 540
    },
    {
        "bookingid": 280
    },
    {
        "bookingid": 964
    },
    {
        "bookingid": 354
    },
    {
        "bookingid": 1515
    },
    {
        "bookingid": 1007
    },
    {
        "bookingid": 1555
    },
    {
        "bookingid": 1218
    },
    {
        "bookingid": 706
    },
    {
        "bookingid": 678
    },
    {
        "bookingid": 509
    },
    {
        "bookingid": 401
    },
    {
        "bookingid": 360
    },
    {
        "bookingid": 1417
    },
    {
        "bookingid": 769
    },
    {
        "bookingid": 1589
    },
    {
        "bookingid": 1286
    },
    {
        "bookingid": 1454
    },
    {
        "bookingid": 997
    },
    {
        "bookingid": 40
    },
    {
        "bookingid": 357
    },
    {
        "bookingid": 862
    },
    {
        "bookingid": 1173
    },
    {
        "bookingid": 822
    },
    {
        "bookingid": 992
    },
    {
        "bookingid": 9
    },
    {
        "bookingid": 1552
    },
    {
        "bookingid": 155
    },
    {
        "bookingid": 1265
    },
    {
        "bookingid": 1079
    },
    {
        "bookingid": 568
    },
    {
        "bookingid": 468
    },
    {
        "bookingid": 1035
    },
    {
        "bookingid": 1337
    },
    {
        "bookingid": 236
    },
    {
        "bookingid": 270
    },
    {
        "bookingid": 861
    },
    {
        "bookingid": 37
    },
    {
        "bookingid": 603
    },
    {
        "bookingid": 1066
    },
    {
        "bookingid": 560
    },
    {
        "bookingid": 1215
    },
    {
        "bookingid": 184
    },
    {
        "bookingid": 757
    },
    {
        "bookingid": 290
    },
    {
        "bookingid": 1262
    },
    {
        "bookingid": 779
    },
    {
        "bookingid": 387
    },
    {
        "bookingid": 1040
    },
    {
        "bookingid": 660
    },
    {
        "bookingid": 145
    },
    {
        "bookingid": 56
    },
    {
        "bookingid": 369
    },
    {
        "bookingid": 681
    },
    {
        "bookingid": 297
    },
    {
        "bookingid": 1179
    },
    {
        "bookingid": 1065
    },
    {
        "bookingid": 1496
    },
    {
        "bookingid": 575
    },
    {
        "bookingid": 1025
    },
    {
        "bookingid": 577
    },
    {
        "bookingid": 88
    },
    {
        "bookingid": 889
    },
    {
        "bookingid": 1059
    },
    {
        "bookingid": 1559
    },
    {
        "bookingid": 458
    },
    {
        "bookingid": 835
    },
    {
        "bookingid": 679
    },
    {
        "bookingid": 1340
    },
    {
        "bookingid": 1155
    },
    {
        "bookingid": 933
    },
    {
        "bookingid": 1130
    },
    {
        "bookingid": 493
    },
    {
        "bookingid": 1449
    },
    {
        "bookingid": 341
    },
    {
        "bookingid": 113
    },
    {
        "bookingid": 692
    },
    {
        "bookingid": 252
    },
    {
        "bookingid": 854
    },
    {
        "bookingid": 1209
    },
    {
        "bookingid": 1161
    },
    {
        "bookingid": 573
    },
    {
        "bookingid": 1195
    },
    {
        "bookingid": 546
    },
    {
        "bookingid": 812
    },
    {
        "bookingid": 942
    },
    {
        "bookingid": 960
    },
    {
        "bookingid": 1530
    },
    {
        "bookingid": 945
    },
    {
        "bookingid": 1334
    },
    {
        "bookingid": 359
    },
    {
        "bookingid": 1010
    },
    {
        "bookingid": 1391
    },
    {
        "bookingid": 1168
    },
    {
        "bookingid": 988
    },
    {
        "bookingid": 512
    },
    {
        "bookingid": 758
    },
    {
        "bookingid": 437
    },
    {
        "bookingid": 1526
    },
    {
        "bookingid": 1516
    },
    {
        "bookingid": 485
    },
    {
        "bookingid": 798
    },
    {
        "bookingid": 1488
    },
    {
        "bookingid": 210
    },
    {
        "bookingid": 1498
    },
    {
        "bookingid": 327
    },
    {
        "bookingid": 829
    },
    {
        "bookingid": 589
    },
    {
        "bookingid": 715
    },
    {
        "bookingid": 680
    },
    {
        "bookingid": 38
    },
    {
        "bookingid": 1493
    },
    {
        "bookingid": 1278
    },
    {
        "bookingid": 596
    },
    {
        "bookingid": 1229
    },
    {
        "bookingid": 534
    },
    {
        "bookingid": 1311
    },
    {
        "bookingid": 1029
    },
    {
        "bookingid": 480
    },
    {
        "bookingid": 1225
    },
    {
        "bookingid": 2
    },
    {
        "bookingid": 1255
    },
    {
        "bookingid": 311
    },
    {
        "bookingid": 1345
    },
    {
        "bookingid": 383
    },
    {
        "bookingid": 710
    },
    {
        "bookingid": 1330
    },
    {
        "bookingid": 338
    },
    {
        "bookingid": 1012
    },
    {
        "bookingid": 818
    },
    {
        "bookingid": 1019
    },
    {
        "bookingid": 1460
    },
    {
        "bookingid": 572
    },
    {
        "bookingid": 1342
    },
    {
        "bookingid": 42
    },
    {
        "bookingid": 82
    },
    {
        "bookingid": 272
    },
    {
        "bookingid": 1268
    },
    {
        "bookingid": 801
    },
    {
        "bookingid": 1609
    },
    {
        "bookingid": 313
    },
    {
        "bookingid": 498
    },
    {
        "bookingid": 760
    },
    {
        "bookingid": 160
    },
    {
        "bookingid": 1357
    },
    {
        "bookingid": 1510
    },
    {
        "bookingid": 213
    }
]
]]></system-out>
    <system-err><![CDATA[Oct 12, 2024 12:23:16 PM utils.AuthUtils createToken
INFO: Creating token for user: admin
Oct 12, 2024 12:23:18 PM utils.AuthUtils createToken
INFO: Token generated successfully
Oct 12, 2024 12:23:18 PM utils.ApiUtils setToken
INFO: Token set for API requests
Oct 12, 2024 12:23:18 PM tests.BookingTests setUp
INFO: Token generated and set successfully :0f8a99d5894c867
Oct 12, 2024 12:23:18 PM utils.ApiUtils getBookingIds
INFO: Sending GET request to fetch booking IDs
Oct 12, 2024 12:23:19 PM tests.BookingTests testGetBookingIds
INFO: Booking IDs: [{"bookingid":267},{"bookingid":918},{"bookingid":211},{"bookingid":1503},{"bookingid":146},{"bookingid":767},{"bookingid":260},{"bookingid":175},{"bookingid":803},{"bookingid":530},{"bookingid":1172},{"bookingid":1354},{"bookingid":1536},{"bookingid":443},{"bookingid":1091},{"bookingid":650},{"bookingid":309},{"bookingid":1290},{"bookingid":539},{"bookingid":220},{"bookingid":89},{"bookingid":1150},{"bookingid":517},{"bookingid":1136},{"bookingid":799},{"bookingid":900},{"bookingid":16},{"bookingid":122},{"bookingid":776},{"bookingid":1482},{"bookingid":868},{"bookingid":1170},{"bookingid":472},{"bookingid":701},{"bookingid":1297},{"bookingid":1617},{"bookingid":718},{"bookingid":1166},{"bookingid":444},{"bookingid":786},{"bookingid":144},{"bookingid":804},{"bookingid":1188},{"bookingid":386},{"bookingid":1085},{"bookingid":73},{"bookingid":321},{"bookingid":318},{"bookingid":746},{"bookingid":1471},{"bookingid":32},{"bookingid":228},{"bookingid":118},{"bookingid":1149},{"bookingid":959},{"bookingid":410},{"bookingid":1594},{"bookingid":439},{"bookingid":598},{"bookingid":365},{"bookingid":1053},{"bookingid":1249},{"bookingid":168},{"bookingid":748},{"bookingid":532},{"bookingid":610},{"bookingid":643},{"bookingid":1358},{"bookingid":422},{"bookingid":1018},{"bookingid":1006},{"bookingid":545},{"bookingid":456},{"bookingid":1613},{"bookingid":1574},{"bookingid":665},{"bookingid":418},{"bookingid":1599},{"bookingid":249},{"bookingid":182},{"bookingid":805},{"bookingid":1054},{"bookingid":370},{"bookingid":602},{"bookingid":1386},{"bookingid":548},{"bookingid":1095},{"bookingid":1476},{"bookingid":263},{"bookingid":963},{"bookingid":266},{"bookingid":1499},{"bookingid":194},{"bookingid":1258},{"bookingid":1527},{"bookingid":910},{"bookingid":853},{"bookingid":84},{"bookingid":305},{"bookingid":886},{"bookingid":936},{"bookingid":915},{"bookingid":1610},{"bookingid":1408},{"bookingid":984},{"bookingid":887},{"bookingid":1275},{"bookingid":1176},{"bookingid":765},{"bookingid":452},{"bookingid":696},{"bookingid":374},{"bookingid":101},{"bookingid":626},{"bookingid":969},{"bookingid":1193},{"bookingid":1490},{"bookingid":429},{"bookingid":938},{"bookingid":361},{"bookingid":747},{"bookingid":875},{"bookingid":1399},{"bookingid":1414},{"bookingid":133},{"bookingid":201},{"bookingid":1186},{"bookingid":1124},{"bookingid":137},{"bookingid":859},{"bookingid":1259},{"bookingid":1028},{"bookingid":1110},{"bookingid":65},{"bookingid":379},{"bookingid":576},{"bookingid":729},{"bookingid":497},{"bookingid":505},{"bookingid":332},{"bookingid":376},{"bookingid":1434},{"bookingid":1430},{"bookingid":537},{"bookingid":519},{"bookingid":739},{"bookingid":838},{"bookingid":928},{"bookingid":412},{"bookingid":19},{"bookingid":1046},{"bookingid":1406},{"bookingid":898},{"bookingid":334},{"bookingid":183},{"bookingid":1250},{"bookingid":1070},{"bookingid":1505},{"bookingid":896},{"bookingid":852},{"bookingid":881},{"bookingid":1392},{"bookingid":633},{"bookingid":885},{"bookingid":947},{"bookingid":161},{"bookingid":1203},{"bookingid":1486},{"bookingid":328},{"bookingid":91},{"bookingid":1184},{"bookingid":169},{"bookingid":1073},{"bookingid":10},{"bookingid":914},{"bookingid":1011},{"bookingid":1145},{"bookingid":1497},{"bookingid":17},{"bookingid":1207},{"bookingid":578},{"bookingid":1522},{"bookingid":943},{"bookingid":1064},{"bookingid":1466},{"bookingid":198},{"bookingid":1269},{"bookingid":1314},{"bookingid":460},{"bookingid":1573},{"bookingid":581},{"bookingid":1144},{"bookingid":234},{"bookingid":817},{"bookingid":72},{"bookingid":930},{"bookingid":527},{"bookingid":824},{"bookingid":719},{"bookingid":1266},{"bookingid":1254},{"bookingid":335},{"bookingid":871},{"bookingid":1005},{"bookingid":1237},{"bookingid":807},{"bookingid":1543},{"bookingid":968},{"bookingid":467},{"bookingid":919},{"bookingid":615},{"bookingid":499},{"bookingid":303},{"bookingid":1189},{"bookingid":140},{"bookingid":1517},{"bookingid":1535},{"bookingid":389},{"bookingid":749},{"bookingid":781},{"bookingid":283},{"bookingid":1134},{"bookingid":599},{"bookingid":191},{"bookingid":388},{"bookingid":555},{"bookingid":1034},{"bookingid":421},{"bookingid":1458},{"bookingid":1350},{"bookingid":1374},{"bookingid":826},{"bookingid":1456},{"bookingid":693},{"bookingid":593},{"bookingid":7},{"bookingid":105},{"bookingid":1291},{"bookingid":912},{"bookingid":655},{"bookingid":1326},{"bookingid":1200},{"bookingid":345},{"bookingid":785},{"bookingid":724},{"bookingid":11},{"bookingid":35},{"bookingid":989},{"bookingid":400},{"bookingid":766},{"bookingid":1213},{"bookingid":185},{"bookingid":567},{"bookingid":1548},{"bookingid":399},{"bookingid":50},{"bookingid":1519},{"bookingid":888},{"bookingid":1506},{"bookingid":711},{"bookingid":1616},{"bookingid":1098},{"bookingid":929},{"bookingid":873},{"bookingid":511},{"bookingid":1302},{"bookingid":294},{"bookingid":1465},{"bookingid":1534},{"bookingid":1364},{"bookingid":1214},{"bookingid":525},{"bookingid":1232},{"bookingid":851},{"bookingid":697},{"bookingid":95},{"bookingid":1104},{"bookingid":1412},{"bookingid":31},{"bookingid":1231},{"bookingid":29},{"bookingid":166},{"bookingid":1319},{"bookingid":172},{"bookingid":1332},{"bookingid":557},{"bookingid":1528},{"bookingid":34},{"bookingid":1041},{"bookingid":154},{"bookingid":1398},{"bookingid":1582},{"bookingid":674},{"bookingid":286},{"bookingid":454},{"bookingid":531},{"bookingid":738},{"bookingid":927},{"bookingid":1243},{"bookingid":426},{"bookingid":12},{"bookingid":68},{"bookingid":299},{"bookingid":124},{"bookingid":879},{"bookingid":661},{"bookingid":250},{"bookingid":1472},{"bookingid":1359},{"bookingid":180},{"bookingid":1248},{"bookingid":939},{"bookingid":1105},{"bookingid":1615},{"bookingid":291},{"bookingid":1448},{"bookingid":1384},{"bookingid":1388},{"bookingid":442},{"bookingid":934},{"bookingid":1411},{"bookingid":419},{"bookingid":1038},{"bookingid":1210},{"bookingid":1560},{"bookingid":473},{"bookingid":619},{"bookingid":562},{"bookingid":479},{"bookingid":74},{"bookingid":207},{"bookingid":5},{"bookingid":1580},{"bookingid":392},{"bookingid":407},{"bookingid":408},{"bookingid":656},{"bookingid":1076},{"bookingid":849},{"bookingid":15},{"bookingid":1453},{"bookingid":425},{"bookingid":1107},{"bookingid":587},{"bookingid":233},{"bookingid":1588},{"bookingid":1102},{"bookingid":563},{"bookingid":138},{"bookingid":1423},{"bookingid":45},{"bookingid":1579},{"bookingid":506},{"bookingid":644},{"bookingid":79},{"bookingid":677},{"bookingid":1312},{"bookingid":96},{"bookingid":451},{"bookingid":436},{"bookingid":1551},{"bookingid":1592},{"bookingid":1256},{"bookingid":549},{"bookingid":621},{"bookingid":1461},{"bookingid":906},{"bookingid":1044},{"bookingid":1247},{"bookingid":726},{"bookingid":58},{"bookingid":346},{"bookingid":13},{"bookingid":284},{"bookingid":398},{"bookingid":1156},{"bookingid":833},{"bookingid":317},{"bookingid":64},{"bookingid":1428},{"bookingid":1481},{"bookingid":1439},{"bookingid":1052},{"bookingid":1405},{"bookingid":1016},{"bookingid":641},{"bookingid":1032},{"bookingid":1480},{"bookingid":901},{"bookingid":110},{"bookingid":583},{"bookingid":416},{"bookingid":41},{"bookingid":1013},{"bookingid":810},{"bookingid":865},{"bookingid":14},{"bookingid":150},{"bookingid":1198},{"bookingid":1331},{"bookingid":612},{"bookingid":1362},{"bookingid":1167},{"bookingid":179},{"bookingid":1222},{"bookingid":1325},{"bookingid":1099},{"bookingid":171},{"bookingid":1096},{"bookingid":251},{"bookingid":768},{"bookingid":831},{"bookingid":1558},{"bookingid":98},{"bookingid":1524},{"bookingid":1307},{"bookingid":288},{"bookingid":690},{"bookingid":119},{"bookingid":566},{"bookingid":116},{"bookingid":77},{"bookingid":1316},{"bookingid":1485},{"bookingid":1133},{"bookingid":634},{"bookingid":55},{"bookingid":1101},{"bookingid":1504},{"bookingid":1111},{"bookingid":1557},{"bookingid":1565},{"bookingid":991},{"bookingid":1492},{"bookingid":1385},{"bookingid":1564},{"bookingid":355},{"bookingid":1152},{"bookingid":1177},{"bookingid":274},{"bookingid":206},{"bookingid":666},{"bookingid":1185},{"bookingid":259},{"bookingid":237},{"bookingid":92},{"bookingid":1289},{"bookingid":1181},{"bookingid":976},{"bookingid":958},{"bookingid":491},{"bookingid":1042},{"bookingid":1242},{"bookingid":791},{"bookingid":373},{"bookingid":494},{"bookingid":1407},{"bookingid":907},{"bookingid":447},{"bookingid":1306},{"bookingid":243},{"bookingid":1113},{"bookingid":20},{"bookingid":90},{"bookingid":982},{"bookingid":542},{"bookingid":759},{"bookingid":51},{"bookingid":727},{"bookingid":448},{"bookingid":1467},{"bookingid":1321},{"bookingid":1026},{"bookingid":636},{"bookingid":978},{"bookingid":975},{"bookingid":1080},{"bookingid":403},{"bookingid":856},{"bookingid":476},{"bookingid":510},{"bookingid":1295},{"bookingid":702},{"bookingid":340},{"bookingid":4},{"bookingid":71},{"bookingid":1348},{"bookingid":1058},{"bookingid":923},{"bookingid":611},{"bookingid":1356},{"bookingid":99},{"bookingid":594},{"bookingid":590},{"bookingid":1160},{"bookingid":300},{"bookingid":1088},{"bookingid":1608},{"bookingid":1606},{"bookingid":153},{"bookingid":1081},{"bookingid":1049},{"bookingid":556},{"bookingid":1115},{"bookingid":30},{"bookingid":323},{"bookingid":1435},{"bookingid":1418},{"bookingid":1191},{"bookingid":1324},{"bookingid":1438},{"bookingid":382},{"bookingid":488},{"bookingid":378},{"bookingid":1373},{"bookingid":793},{"bookingid":1022},{"bookingid":248},{"bookingid":957},{"bookingid":904},{"bookingid":773},{"bookingid":469},{"bookingid":714},{"bookingid":977},{"bookingid":521},{"bookingid":1129},{"bookingid":753},{"bookingid":850},{"bookingid":1284},{"bookingid":402},{"bookingid":1004},{"bookingid":1140},{"bookingid":459},{"bookingid":995},{"bookingid":350},{"bookingid":257},{"bookingid":424},{"bookingid":159},{"bookingid":880},{"bookingid":998},{"bookingid":143},{"bookingid":777},{"bookingid":642},{"bookingid":535},{"bookingid":877},{"bookingid":366},{"bookingid":80},{"bookingid":1397},{"bookingid":353},{"bookingid":1001},{"bookingid":1563},{"bookingid":131},{"bookingid":764},{"bookingid":342},{"bookingid":1318},{"bookingid":1048},{"bookingid":117},{"bookingid":1539},{"bookingid":844},{"bookingid":432},{"bookingid":3},{"bookingid":554},{"bookingid":516},{"bookingid":547},{"bookingid":26},{"bookingid":720},{"bookingid":802},{"bookingid":254},{"bookingid":1089},{"bookingid":662},{"bookingid":604},{"bookingid":974},{"bookingid":1082},{"bookingid":695},{"bookingid":1413},{"bookingid":1253},{"bookingid":595},{"bookingid":244},{"bookingid":1447},{"bookingid":108},{"bookingid":756},{"bookingid":1206},{"bookingid":1116},{"bookingid":1282},{"bookingid":629},{"bookingid":123},{"bookingid":733},{"bookingid":453},{"bookingid":149},{"bookingid":1310},{"bookingid":395},{"bookingid":44},{"bookingid":258},{"bookingid":222},{"bookingid":81},{"bookingid":409},{"bookingid":85},{"bookingid":704},{"bookingid":1344},{"bookingid":1094},{"bookingid":1532},{"bookingid":1219},{"bookingid":348},{"bookingid":1202},{"bookingid":649},{"bookingid":894},{"bookingid":264},{"bookingid":1349},{"bookingid":202},{"bookingid":1317},{"bookingid":1187},{"bookingid":1148},{"bookingid":892},{"bookingid":1067},{"bookingid":279},{"bookingid":57},{"bookingid":828},{"bookingid":1603},{"bookingid":1139},{"bookingid":320},{"bookingid":820},{"bookingid":845},{"bookingid":109},{"bookingid":1442},{"bookingid":482},{"bookingid":716},{"bookingid":635},{"bookingid":952},{"bookingid":381},{"bookingid":846},{"bookingid":1244},{"bookingid":1597},{"bookingid":48},{"bookingid":1162},{"bookingid":27},{"bookingid":1483},{"bookingid":1502},{"bookingid":367},{"bookingid":950},{"bookingid":953},{"bookingid":393},{"bookingid":1542},{"bookingid":1072},{"bookingid":333},{"bookingid":326},{"bookingid":1277},{"bookingid":648},{"bookingid":774},{"bookingid":659},{"bookingid":632},{"bookingid":1303},{"bookingid":668},{"bookingid":322},{"bookingid":1512},{"bookingid":125},{"bookingid":688},{"bookingid":1427},{"bookingid":1525},{"bookingid":204},{"bookingid":1239},{"bookingid":949},{"bookingid":741},{"bookingid":1554},{"bookingid":973},{"bookingid":394},{"bookingid":67},{"bookingid":275},{"bookingid":1425},{"bookingid":1023},{"bookingid":1086},{"bookingid":569},{"bookingid":925},{"bookingid":1343},{"bookingid":139},{"bookingid":1443},{"bookingid":411},{"bookingid":450},{"bookingid":1074},{"bookingid":1546},{"bookingid":100},{"bookingid":329},{"bookingid":752},{"bookingid":6},{"bookingid":1119},{"bookingid":298},{"bookingid":1441},{"bookingid":675},{"bookingid":1128},{"bookingid":1174},{"bookingid":1533},{"bookingid":216},{"bookingid":608},{"bookingid":1469},{"bookingid":705},{"bookingid":913},{"bookingid":503},{"bookingid":306},{"bookingid":617},{"bookingid":127},{"bookingid":52},{"bookingid":1228},{"bookingid":671},{"bookingid":1197},{"bookingid":637},{"bookingid":174},{"bookingid":1566},{"bookingid":1127},{"bookingid":474},{"bookingid":1339},{"bookingid":654},{"bookingid":1370},{"bookingid":996},{"bookingid":620},{"bookingid":1194},{"bookingid":428},{"bookingid":902},{"bookingid":1205},{"bookingid":606},{"bookingid":1569},{"bookingid":990},{"bookingid":307},{"bookingid":771},{"bookingid":795},{"bookingid":240},{"bookingid":1612},{"bookingid":312},{"bookingid":707},{"bookingid":128},{"bookingid":607},{"bookingid":1351},{"bookingid":614},{"bookingid":1279},{"bookingid":796},{"bookingid":839},{"bookingid":983},{"bookingid":712},{"bookingid":864},{"bookingid":647},{"bookingid":840},{"bookingid":787},{"bookingid":281},{"bookingid":1328},{"bookingid":1395},{"bookingid":1037},{"bookingid":1224},{"bookingid":755},{"bookingid":344},{"bookingid":788},{"bookingid":1285},{"bookingid":744},{"bookingid":836},{"bookingid":866},{"bookingid":814},{"bookingid":588},{"bookingid":951},{"bookingid":1394},{"bookingid":1154},{"bookingid":1538},{"bookingid":736},{"bookingid":1300},{"bookingid":1060},{"bookingid":1372},{"bookingid":176},{"bookingid":1379},{"bookingid":24},{"bookingid":242},{"bookingid":1236},{"bookingid":226},{"bookingid":628},{"bookingid":63},{"bookingid":504},{"bookingid":1440},{"bookingid":1211},{"bookingid":1444},{"bookingid":832},{"bookingid":843},{"bookingid":1135},{"bookingid":869},{"bookingid":670},{"bookingid":1572},{"bookingid":362},{"bookingid":231},{"bookingid":1263},{"bookingid":1283},{"bookingid":699},{"bookingid":273},{"bookingid":1180},{"bookingid":1568},{"bookingid":1355},{"bookingid":1365},{"bookingid":1241},{"bookingid":1309},{"bookingid":1475},{"bookingid":582},{"bookingid":1024},{"bookingid":561},{"bookingid":441},{"bookingid":134},{"bookingid":921},{"bookingid":683},{"bookingid":522},{"bookingid":434},{"bookingid":526},{"bookingid":1002},{"bookingid":1511},{"bookingid":200},{"bookingid":18},{"bookingid":1402},{"bookingid":132},{"bookingid":792},{"bookingid":1450},{"bookingid":192},{"bookingid":883},{"bookingid":1055},{"bookingid":1420},{"bookingid":1459},{"bookingid":1400},{"bookingid":1545},{"bookingid":687},{"bookingid":985},{"bookingid":463},{"bookingid":1602},{"bookingid":314},{"bookingid":1549},{"bookingid":238},{"bookingid":1235},{"bookingid":1274},{"bookingid":1578},{"bookingid":1520},{"bookingid":466},{"bookingid":1141},{"bookingid":1367},{"bookingid":431},{"bookingid":1378},{"bookingid":541},{"bookingid":336},{"bookingid":1293},{"bookingid":219},{"bookingid":1446},{"bookingid":1108},{"bookingid":858},{"bookingid":49},{"bookingid":686},{"bookingid":624},{"bookingid":1336},{"bookingid":1604},{"bookingid":70},{"bookingid":1276},{"bookingid":107},{"bookingid":461},{"bookingid":1363},{"bookingid":735},{"bookingid":1017},{"bookingid":164},{"bookingid":1509},{"bookingid":205},{"bookingid":292},{"bookingid":86},{"bookingid":514},{"bookingid":972},{"bookingid":214},{"bookingid":1591},{"bookingid":23},{"bookingid":1474},{"bookingid":278},{"bookingid":922},{"bookingid":165},{"bookingid":1387},{"bookingid":1369},{"bookingid":1381},{"bookingid":1270},{"bookingid":1061},{"bookingid":730},{"bookingid":1433},{"bookingid":1382},{"bookingid":937},{"bookingid":225},{"bookingid":197},{"bookingid":60},{"bookingid":908},{"bookingid":811},{"bookingid":36},{"bookingid":229},{"bookingid":1271},{"bookingid":1090},{"bookingid":1299},{"bookingid":1576},{"bookingid":188},{"bookingid":481},{"bookingid":723},{"bookingid":732},{"bookingid":54},{"bookingid":1583},{"bookingid":104},{"bookingid":823},{"bookingid":1221},{"bookingid":1419},{"bookingid":967},{"bookingid":816},{"bookingid":1294},{"bookingid":1047},{"bookingid":584},{"bookingid":1071},{"bookingid":782},{"bookingid":1142},{"bookingid":76},{"bookingid":256},{"bookingid":1585},{"bookingid":669},{"bookingid":966},{"bookingid":551},{"bookingid":152},{"bookingid":492},{"bookingid":1598},{"bookingid":1489},{"bookingid":371},{"bookingid":47},{"bookingid":189},{"bookingid":59},{"bookingid":653},{"bookingid":1432},{"bookingid":66},{"bookingid":743},{"bookingid":1123},{"bookingid":1586},{"bookingid":114},{"bookingid":1301},{"bookingid":475},{"bookingid":223},{"bookingid":158},{"bookingid":296},{"bookingid":597},{"bookingid":1121},{"bookingid":625},{"bookingid":513},{"bookingid":623},{"bookingid":8},{"bookingid":269},{"bookingid":1030},{"bookingid":874},{"bookingid":1477},{"bookingid":691},{"bookingid":173},{"bookingid":1122},{"bookingid":25},{"bookingid":417},{"bookingid":1158},{"bookingid":1375},{"bookingid":780},{"bookingid":946},{"bookingid":1118},{"bookingid":487},{"bookingid":1424},{"bookingid":1109},{"bookingid":245},{"bookingid":1164},{"bookingid":524},{"bookingid":1596},{"bookingid":895},{"bookingid":500},{"bookingid":1227},{"bookingid":486},{"bookingid":193},{"bookingid":935},{"bookingid":217},{"bookingid":43},{"bookingid":351},{"bookingid":540},{"bookingid":280},{"bookingid":964},{"bookingid":354},{"bookingid":1515},{"bookingid":1007},{"bookingid":1555},{"bookingid":1218},{"bookingid":706},{"bookingid":678},{"bookingid":509},{"bookingid":401},{"bookingid":360},{"bookingid":1417},{"bookingid":769},{"bookingid":1589},{"bookingid":1286},{"bookingid":1454},{"bookingid":997},{"bookingid":40},{"bookingid":357},{"bookingid":862},{"bookingid":1173},{"bookingid":822},{"bookingid":992},{"bookingid":9},{"bookingid":1552},{"bookingid":155},{"bookingid":1265},{"bookingid":1079},{"bookingid":568},{"bookingid":468},{"bookingid":1035},{"bookingid":1337},{"bookingid":236},{"bookingid":270},{"bookingid":861},{"bookingid":37},{"bookingid":603},{"bookingid":1066},{"bookingid":560},{"bookingid":1215},{"bookingid":184},{"bookingid":757},{"bookingid":290},{"bookingid":1262},{"bookingid":779},{"bookingid":387},{"bookingid":1040},{"bookingid":660},{"bookingid":145},{"bookingid":56},{"bookingid":369},{"bookingid":681},{"bookingid":297},{"bookingid":1179},{"bookingid":1065},{"bookingid":1496},{"bookingid":575},{"bookingid":1025},{"bookingid":577},{"bookingid":88},{"bookingid":889},{"bookingid":1059},{"bookingid":1559},{"bookingid":458},{"bookingid":835},{"bookingid":679},{"bookingid":1340},{"bookingid":1155},{"bookingid":933},{"bookingid":1130},{"bookingid":493},{"bookingid":1449},{"bookingid":341},{"bookingid":113},{"bookingid":692},{"bookingid":252},{"bookingid":854},{"bookingid":1209},{"bookingid":1161},{"bookingid":573},{"bookingid":1195},{"bookingid":546},{"bookingid":812},{"bookingid":942},{"bookingid":960},{"bookingid":1530},{"bookingid":945},{"bookingid":1334},{"bookingid":359},{"bookingid":1010},{"bookingid":1391},{"bookingid":1168},{"bookingid":988},{"bookingid":512},{"bookingid":758},{"bookingid":437},{"bookingid":1526},{"bookingid":1516},{"bookingid":485},{"bookingid":798},{"bookingid":1488},{"bookingid":210},{"bookingid":1498},{"bookingid":327},{"bookingid":829},{"bookingid":589},{"bookingid":715},{"bookingid":680},{"bookingid":38},{"bookingid":1493},{"bookingid":1278},{"bookingid":596},{"bookingid":1229},{"bookingid":534},{"bookingid":1311},{"bookingid":1029},{"bookingid":480},{"bookingid":1225},{"bookingid":2},{"bookingid":1255},{"bookingid":311},{"bookingid":1345},{"bookingid":383},{"bookingid":710},{"bookingid":1330},{"bookingid":338},{"bookingid":1012},{"bookingid":818},{"bookingid":1019},{"bookingid":1460},{"bookingid":572},{"bookingid":1342},{"bookingid":42},{"bookingid":82},{"bookingid":272},{"bookingid":1268},{"bookingid":801},{"bookingid":1609},{"bookingid":313},{"bookingid":498},{"bookingid":760},{"bookingid":160},{"bookingid":1357},{"bookingid":1510},{"bookingid":213}]
]]></system-err>
  </testcase>
  <testcase name="testCreateBooking" classname="tests.BookingTests" time="1.496">
    <system-out><![CDATA[HTTP/1.1 200 OK
Server: Cowboy
Report-To: {"group":"heroku-nel","max_age":3600,"endpoints":[{"url":"https://nel.heroku.com/reports?ts=1728716000&sid=c46efe9b-d3d2-4a0c-8c76-bfafa16c5add&s=xqLoNBHgmm4NcDVxMi%2BhDRqoW3W5AKyLEUqDN0zo%2BsY%3D"}]}
Reporting-Endpoints: heroku-nel=https://nel.heroku.com/reports?ts=1728716000&sid=c46efe9b-d3d2-4a0c-8c76-bfafa16c5add&s=xqLoNBHgmm4NcDVxMi%2BhDRqoW3W5AKyLEUqDN0zo%2BsY%3D
Nel: {"report_to":"heroku-nel","max_age":3600,"success_fraction":0.005,"failure_fraction":0.05,"response_headers":["Via"]}
Connection: keep-alive
X-Powered-By: Express
Content-Type: application/json; charset=utf-8
Content-Length: 196
Etag: W/"c4-GyLs3PuWsRa7WBxxrAD/sUREDDg"
Date: Sat, 12 Oct 2024 06:53:20 GMT
Via: 1.1 vegur

{
    "bookingid": 1630,
    "booking": {
        "firstname": "John",
        "lastname": "Doe",
        "totalprice": 111,
        "depositpaid": true,
        "bookingdates": {
            "checkin": "2024-04-04",
            "checkout": "2024-05-05"
        },
        "additionalneeds": "Breakfast"
    }
}
]]></system-out>
    <system-err><![CDATA[Oct 12, 2024 12:23:19 PM utils.ApiUtils post
INFO: Sending Post request to Create booking
Oct 12, 2024 12:23:20 PM tests.BookingTests testCreateBooking
INFO: Create booking Response: {"bookingid":1630,"booking":{"firstname":"John","lastname":"Doe","totalprice":111,"depositpaid":true,"bookingdates":{"checkin":"2024-04-04","checkout":"2024-05-05"},"additionalneeds":"Breakfast"}}
]]></system-err>
  </testcase>
  <testcase name="testGetBookingById" classname="tests.BookingTests" time="1.433">
    <system-out><![CDATA[HTTP/1.1 200 OK
Server: Cowboy
Report-To: {"group":"heroku-nel","max_age":3600,"endpoints":[{"url":"https://nel.heroku.com/reports?ts=1728716002&sid=c46efe9b-d3d2-4a0c-8c76-bfafa16c5add&s=dFaMNHiaIajgfmCJk9aOLlkICDHd2gkjBkNNqzN8yMc%3D"}]}
Reporting-Endpoints: heroku-nel=https://nel.heroku.com/reports?ts=1728716002&sid=c46efe9b-d3d2-4a0c-8c76-bfafa16c5add&s=dFaMNHiaIajgfmCJk9aOLlkICDHd2gkjBkNNqzN8yMc%3D
Nel: {"report_to":"heroku-nel","max_age":3600,"success_fraction":0.005,"failure_fraction":0.05,"response_headers":["Via"]}
Connection: keep-alive
X-Powered-By: Express
Content-Type: application/json; charset=utf-8
Content-Length: 167
Etag: W/"a7-Rw6SlhLPoWd9GLZ3BuJTvIZhzzA"
Date: Sat, 12 Oct 2024 06:53:22 GMT
Via: 1.1 vegur

{
    "firstname": "John",
    "lastname": "Doe",
    "totalprice": 111,
    "depositpaid": true,
    "bookingdates": {
        "checkin": "2024-04-04",
        "checkout": "2024-05-05"
    },
    "additionalneeds": "Breakfast"
}
]]></system-out>
    <system-err><![CDATA[Oct 12, 2024 12:23:21 PM utils.ApiUtils getBookingById
INFO: Sending GET request to fetch booking by ID
Oct 12, 2024 12:23:22 PM tests.BookingTests testGetBookingById
INFO: Get Booking by ID: {"firstname":"John","lastname":"Doe","totalprice":111,"depositpaid":true,"bookingdates":{"checkin":"2024-04-04","checkout":"2024-05-05"},"additionalneeds":"Breakfast"}
]]></system-err>
  </testcase>
  <testcase name="testUpdateBooking" classname="tests.BookingTests" time="2.854">
    <system-out><![CDATA[HTTP/1.1 200 OK
Server: Cowboy
Report-To: {"group":"heroku-nel","max_age":3600,"endpoints":[{"url":"https://nel.heroku.com/reports?ts=1728716003&sid=c46efe9b-d3d2-4a0c-8c76-bfafa16c5add&s=sgK1MZ9CfECvbKGEy7yI%2BMKZtpbRpBUT81r%2BhaGNzLM%3D"}]}
Reporting-Endpoints: heroku-nel=https://nel.heroku.com/reports?ts=1728716003&sid=c46efe9b-d3d2-4a0c-8c76-bfafa16c5add&s=sgK1MZ9CfECvbKGEy7yI%2BMKZtpbRpBUT81r%2BhaGNzLM%3D
Nel: {"report_to":"heroku-nel","max_age":3600,"success_fraction":0.005,"failure_fraction":0.05,"response_headers":["Via"]}
Connection: keep-alive
X-Powered-By: Express
Content-Type: application/json; charset=utf-8
Content-Length: 185
Etag: W/"b9-T/woYwRYrR6XGDdpz1uIW7wIbDA"
Date: Sat, 12 Oct 2024 06:53:23 GMT
Via: 1.1 vegur

{
    "firstname": "Niharika",
    "lastname": "Kinger",
    "totalprice": 222,
    "depositpaid": true,
    "bookingdates": {
        "checkin": "2023-12-12",
        "checkout": "2024-01-01"
    },
    "additionalneeds": "Breakfast and Dinner"
}
]]></system-out>
    <system-err><![CDATA[Oct 12, 2024 12:23:22 PM utils.ApiUtils put
INFO: Sending Put request to Update booking
Oct 12, 2024 12:23:23 PM tests.BookingTests testUpdateBooking
INFO: Update booking Response: {"firstname":"Niharika","lastname":"Kinger","totalprice":222,"depositpaid":true,"bookingdates":{"checkin":"2023-12-12","checkout":"2024-01-01"},"additionalneeds":"Breakfast and Dinner"}
]]></system-err>
  </testcase>
  <testcase name="testPartialUpdateBooking" classname="tests.BookingTests" time="1.418">
    <system-out><![CDATA[HTTP/1.1 200 OK
Server: Cowboy
Report-To: {"group":"heroku-nel","max_age":3600,"endpoints":[{"url":"https://nel.heroku.com/reports?ts=1728716006&sid=c46efe9b-d3d2-4a0c-8c76-bfafa16c5add&s=hLQ8dzSR4oUoM2bKpwrbUdFfNH9ZMP90I3FuAc3SYxQ%3D"}]}
Reporting-Endpoints: heroku-nel=https://nel.heroku.com/reports?ts=1728716006&sid=c46efe9b-d3d2-4a0c-8c76-bfafa16c5add&s=hLQ8dzSR4oUoM2bKpwrbUdFfNH9ZMP90I3FuAc3SYxQ%3D
Nel: {"report_to":"heroku-nel","max_age":3600,"success_fraction":0.005,"failure_fraction":0.05,"response_headers":["Via"]}
Connection: keep-alive
X-Powered-By: Express
Content-Type: application/json; charset=utf-8
Content-Length: 197
Etag: W/"c5-VeLB0mDyo4OlcZLI3dsbE1A4FAY"
Date: Sat, 12 Oct 2024 06:53:26 GMT
Via: 1.1 vegur

{
    "firstname": "James updated",
    "lastname": "Brown updated",
    "totalprice": 222,
    "depositpaid": true,
    "bookingdates": {
        "checkin": "2023-12-12",
        "checkout": "2024-01-01"
    },
    "additionalneeds": "Breakfast and Dinner"
}
]]></system-out>
    <system-err><![CDATA[Oct 12, 2024 12:23:25 PM utils.ApiUtils patch
INFO: Sending Patch request to partial update the booking
Oct 12, 2024 12:23:26 PM tests.BookingTests testPartialUpdateBooking
INFO: Partial Update Response: {"firstname":"James updated","lastname":"Brown updated","totalprice":222,"depositpaid":true,"bookingdates":{"checkin":"2023-12-12","checkout":"2024-01-01"},"additionalneeds":"Breakfast and Dinner"}
]]></system-err>
  </testcase>
  <testcase name="testDeleteBooking" classname="tests.BookingTests" time="1.356">
    <system-out><![CDATA[HTTP/1.1 201 Created
Server: Cowboy
Report-To: {"group":"heroku-nel","max_age":3600,"endpoints":[{"url":"https://nel.heroku.com/reports?ts=1728716007&sid=c46efe9b-d3d2-4a0c-8c76-bfafa16c5add&s=XnvTqzzLxI%2F3zz5UdoboXIpNMy5BWckXhOvmuW4nhOk%3D"}]}
Reporting-Endpoints: heroku-nel=https://nel.heroku.com/reports?ts=1728716007&sid=c46efe9b-d3d2-4a0c-8c76-bfafa16c5add&s=XnvTqzzLxI%2F3zz5UdoboXIpNMy5BWckXhOvmuW4nhOk%3D
Nel: {"report_to":"heroku-nel","max_age":3600,"success_fraction":0.005,"failure_fraction":0.05,"response_headers":["Via"]}
Connection: keep-alive
X-Powered-By: Express
Content-Type: text/plain; charset=utf-8
Content-Length: 7
Etag: W/"7-rM9AyJuqT6iOan/xHh+AW+7K/T8"
Date: Sat, 12 Oct 2024 06:53:27 GMT
Via: 1.1 vegur

Created
]]></system-out>
    <system-err><![CDATA[Oct 12, 2024 12:23:26 PM utils.ApiUtils delete
INFO: Sending Delete request to delete the booking
Oct 12, 2024 12:23:28 PM tests.BookingTests testDeleteBooking
INFO: Delete Response: Created
]]></system-err>
  </testcase>
</testsuite>